<?xml version="1.0" encoding="UTF-8"?>
<testsuite xmlns:xsi="http://www.w3.org/2001/XMLSchema-instance" xsi:noNamespaceSchemaLocation="https://maven.apache.org/surefire/maven-surefire-plugin/xsd/surefire-test-report-3.0.xsd" version="3.0" name="jpabook.jpashop.service.MemberServiceTest" time="2.115" tests="2" errors="0" skipped="0" failures="0">
  <properties>
    <property name="java.specification.version" value="17"/>
    <property name="sun.cpu.isalist" value="amd64"/>
    <property name="sun.jnu.encoding" value="MS949"/>
    <property name="java.class.path" value="D:\Dev\Workspace\SpringExampleCode\jpabook-master\ch11-jpa-shop\target\test-classes;D:\Dev\Workspace\SpringExampleCode\jpabook-master\ch11-jpa-shop\target\classes;C:\Users\sy\.m2\repository\javax\annotation\javax.annotation-api\1.3.2\javax.annotation-api-1.3.2.jar;C:\Users\sy\.m2\repository\org\springframework\spring-webmvc\5.3.10\spring-webmvc-5.3.10.jar;C:\Users\sy\.m2\repository\org\springframework\spring-aop\5.3.10\spring-aop-5.3.10.jar;C:\Users\sy\.m2\repository\org\springframework\spring-beans\5.3.10\spring-beans-5.3.10.jar;C:\Users\sy\.m2\repository\org\springframework\spring-context\5.3.10\spring-context-5.3.10.jar;C:\Users\sy\.m2\repository\org\springframework\spring-core\5.3.10\spring-core-5.3.10.jar;C:\Users\sy\.m2\repository\org\springframework\spring-jcl\5.3.10\spring-jcl-5.3.10.jar;C:\Users\sy\.m2\repository\org\springframework\spring-expression\5.3.10\spring-expression-5.3.10.jar;C:\Users\sy\.m2\repository\org\springframework\spring-web\5.3.10\spring-web-5.3.10.jar;C:\Users\sy\.m2\repository\org\springframework\spring-orm\5.3.10\spring-orm-5.3.10.jar;C:\Users\sy\.m2\repository\org\springframework\spring-jdbc\5.3.10\spring-jdbc-5.3.10.jar;C:\Users\sy\.m2\repository\org\springframework\spring-tx\5.3.10\spring-tx-5.3.10.jar;C:\Users\sy\.m2\repository\org\hibernate\hibernate-entitymanager\5.6.15.Final\hibernate-entitymanager-5.6.15.Final.jar;C:\Users\sy\.m2\repository\org\jboss\logging\jboss-logging\3.4.3.Final\jboss-logging-3.4.3.Final.jar;C:\Users\sy\.m2\repository\org\hibernate\hibernate-core\5.6.15.Final\hibernate-core-5.6.15.Final.jar;C:\Users\sy\.m2\repository\antlr\antlr\2.7.7\antlr-2.7.7.jar;C:\Users\sy\.m2\repository\org\jboss\jandex\2.4.2.Final\jandex-2.4.2.Final.jar;C:\Users\sy\.m2\repository\com\fasterxml\classmate\1.5.1\classmate-1.5.1.jar;C:\Users\sy\.m2\repository\javax\activation\javax.activation-api\1.2.0\javax.activation-api-1.2.0.jar;C:\Users\sy\.m2\repository\javax\xml\bind\jaxb-api\2.3.1\jaxb-api-2.3.1.jar;C:\Users\sy\.m2\repository\org\glassfish\jaxb\jaxb-runtime\2.3.1\jaxb-runtime-2.3.1.jar;C:\Users\sy\.m2\repository\org\glassfish\jaxb\txw2\2.3.1\txw2-2.3.1.jar;C:\Users\sy\.m2\repository\com\sun\istack\istack-commons-runtime\3.0.7\istack-commons-runtime-3.0.7.jar;C:\Users\sy\.m2\repository\org\jvnet\staxex\stax-ex\1.8\stax-ex-1.8.jar;C:\Users\sy\.m2\repository\com\sun\xml\fastinfoset\FastInfoset\1.2.15\FastInfoset-1.2.15.jar;C:\Users\sy\.m2\repository\org\hibernate\common\hibernate-commons-annotations\5.1.2.Final\hibernate-commons-annotations-5.1.2.Final.jar;C:\Users\sy\.m2\repository\javax\persistence\javax.persistence-api\2.2\javax.persistence-api-2.2.jar;C:\Users\sy\.m2\repository\net\bytebuddy\byte-buddy\1.12.18\byte-buddy-1.12.18.jar;C:\Users\sy\.m2\repository\org\jboss\spec\javax\transaction\jboss-transaction-api_1.2_spec\1.1.1.Final\jboss-transaction-api_1.2_spec-1.1.1.Final.jar;C:\Users\sy\.m2\repository\com\h2database\h2\2.2.222\h2-2.2.222.jar;C:\Users\sy\.m2\repository\org\apache\tomcat\tomcat-jdbc\9.0.78\tomcat-jdbc-9.0.78.jar;C:\Users\sy\.m2\repository\org\apache\tomcat\tomcat-juli\9.0.78\tomcat-juli-9.0.78.jar;C:\Users\sy\.m2\repository\javax\servlet\jstl\1.2\jstl-1.2.jar;C:\Users\sy\.m2\repository\javax\servlet\javax.servlet-api\3.0.1\javax.servlet-api-3.0.1.jar;C:\Users\sy\.m2\repository\javax\servlet\jsp\javax.servlet.jsp-api\2.3.1\javax.servlet.jsp-api-2.3.1.jar;C:\Users\sy\.m2\repository\org\slf4j\slf4j-api\1.7.6\slf4j-api-1.7.6.jar;C:\Users\sy\.m2\repository\ch\qos\logback\logback-classic\1.1.1\logback-classic-1.1.1.jar;C:\Users\sy\.m2\repository\ch\qos\logback\logback-core\1.1.1\logback-core-1.1.1.jar;C:\Users\sy\.m2\repository\org\springframework\spring-test\5.3.10\spring-test-5.3.10.jar;C:\Users\sy\.m2\repository\org\junit\jupiter\junit-jupiter\5.9.3\junit-jupiter-5.9.3.jar;C:\Users\sy\.m2\repository\org\junit\jupiter\junit-jupiter-api\5.9.3\junit-jupiter-api-5.9.3.jar;C:\Users\sy\.m2\repository\org\opentest4j\opentest4j\1.2.0\opentest4j-1.2.0.jar;C:\Users\sy\.m2\repository\org\junit\platform\junit-platform-commons\1.9.3\junit-platform-commons-1.9.3.jar;C:\Users\sy\.m2\repository\org\apiguardian\apiguardian-api\1.1.2\apiguardian-api-1.1.2.jar;C:\Users\sy\.m2\repository\org\junit\jupiter\junit-jupiter-params\5.9.3\junit-jupiter-params-5.9.3.jar;C:\Users\sy\.m2\repository\org\junit\jupiter\junit-jupiter-engine\5.9.3\junit-jupiter-engine-5.9.3.jar;C:\Users\sy\.m2\repository\org\junit\platform\junit-platform-engine\1.9.3\junit-platform-engine-1.9.3.jar;"/>
    <property name="java.vm.vendor" value="Oracle Corporation"/>
    <property name="sun.arch.data.model" value="64"/>
    <property name="user.variant" value=""/>
    <property name="java.vendor.url" value="https://java.oracle.com/"/>
    <property name="user.timezone" value="Asia/Seoul"/>
    <property name="os.name" value="Windows 11"/>
    <property name="java.vm.specification.version" value="17"/>
    <property name="sun.java.launcher" value="SUN_STANDARD"/>
    <property name="user.country" value="KR"/>
    <property name="sun.boot.library.path" value="C:\Program Files\Java\jdk-17\bin"/>
    <property name="sun.java.command" value="C:\Users\sy\AppData\Local\Temp\surefire4646265906039090620\surefirebooter-20230920172702092_3.jar C:\Users\sy\AppData\Local\Temp\surefire4646265906039090620 2023-09-20T17-27-01_982-jvmRun1 surefire-20230920172702092_1tmp surefire_0-20230920172702092_2tmp"/>
    <property name="jdk.debug" value="release"/>
    <property name="surefire.test.class.path" value="D:\Dev\Workspace\SpringExampleCode\jpabook-master\ch11-jpa-shop\target\test-classes;D:\Dev\Workspace\SpringExampleCode\jpabook-master\ch11-jpa-shop\target\classes;C:\Users\sy\.m2\repository\javax\annotation\javax.annotation-api\1.3.2\javax.annotation-api-1.3.2.jar;C:\Users\sy\.m2\repository\org\springframework\spring-webmvc\5.3.10\spring-webmvc-5.3.10.jar;C:\Users\sy\.m2\repository\org\springframework\spring-aop\5.3.10\spring-aop-5.3.10.jar;C:\Users\sy\.m2\repository\org\springframework\spring-beans\5.3.10\spring-beans-5.3.10.jar;C:\Users\sy\.m2\repository\org\springframework\spring-context\5.3.10\spring-context-5.3.10.jar;C:\Users\sy\.m2\repository\org\springframework\spring-core\5.3.10\spring-core-5.3.10.jar;C:\Users\sy\.m2\repository\org\springframework\spring-jcl\5.3.10\spring-jcl-5.3.10.jar;C:\Users\sy\.m2\repository\org\springframework\spring-expression\5.3.10\spring-expression-5.3.10.jar;C:\Users\sy\.m2\repository\org\springframework\spring-web\5.3.10\spring-web-5.3.10.jar;C:\Users\sy\.m2\repository\org\springframework\spring-orm\5.3.10\spring-orm-5.3.10.jar;C:\Users\sy\.m2\repository\org\springframework\spring-jdbc\5.3.10\spring-jdbc-5.3.10.jar;C:\Users\sy\.m2\repository\org\springframework\spring-tx\5.3.10\spring-tx-5.3.10.jar;C:\Users\sy\.m2\repository\org\hibernate\hibernate-entitymanager\5.6.15.Final\hibernate-entitymanager-5.6.15.Final.jar;C:\Users\sy\.m2\repository\org\jboss\logging\jboss-logging\3.4.3.Final\jboss-logging-3.4.3.Final.jar;C:\Users\sy\.m2\repository\org\hibernate\hibernate-core\5.6.15.Final\hibernate-core-5.6.15.Final.jar;C:\Users\sy\.m2\repository\antlr\antlr\2.7.7\antlr-2.7.7.jar;C:\Users\sy\.m2\repository\org\jboss\jandex\2.4.2.Final\jandex-2.4.2.Final.jar;C:\Users\sy\.m2\repository\com\fasterxml\classmate\1.5.1\classmate-1.5.1.jar;C:\Users\sy\.m2\repository\javax\activation\javax.activation-api\1.2.0\javax.activation-api-1.2.0.jar;C:\Users\sy\.m2\repository\javax\xml\bind\jaxb-api\2.3.1\jaxb-api-2.3.1.jar;C:\Users\sy\.m2\repository\org\glassfish\jaxb\jaxb-runtime\2.3.1\jaxb-runtime-2.3.1.jar;C:\Users\sy\.m2\repository\org\glassfish\jaxb\txw2\2.3.1\txw2-2.3.1.jar;C:\Users\sy\.m2\repository\com\sun\istack\istack-commons-runtime\3.0.7\istack-commons-runtime-3.0.7.jar;C:\Users\sy\.m2\repository\org\jvnet\staxex\stax-ex\1.8\stax-ex-1.8.jar;C:\Users\sy\.m2\repository\com\sun\xml\fastinfoset\FastInfoset\1.2.15\FastInfoset-1.2.15.jar;C:\Users\sy\.m2\repository\org\hibernate\common\hibernate-commons-annotations\5.1.2.Final\hibernate-commons-annotations-5.1.2.Final.jar;C:\Users\sy\.m2\repository\javax\persistence\javax.persistence-api\2.2\javax.persistence-api-2.2.jar;C:\Users\sy\.m2\repository\net\bytebuddy\byte-buddy\1.12.18\byte-buddy-1.12.18.jar;C:\Users\sy\.m2\repository\org\jboss\spec\javax\transaction\jboss-transaction-api_1.2_spec\1.1.1.Final\jboss-transaction-api_1.2_spec-1.1.1.Final.jar;C:\Users\sy\.m2\repository\com\h2database\h2\2.2.222\h2-2.2.222.jar;C:\Users\sy\.m2\repository\org\apache\tomcat\tomcat-jdbc\9.0.78\tomcat-jdbc-9.0.78.jar;C:\Users\sy\.m2\repository\org\apache\tomcat\tomcat-juli\9.0.78\tomcat-juli-9.0.78.jar;C:\Users\sy\.m2\repository\javax\servlet\jstl\1.2\jstl-1.2.jar;C:\Users\sy\.m2\repository\javax\servlet\javax.servlet-api\3.0.1\javax.servlet-api-3.0.1.jar;C:\Users\sy\.m2\repository\javax\servlet\jsp\javax.servlet.jsp-api\2.3.1\javax.servlet.jsp-api-2.3.1.jar;C:\Users\sy\.m2\repository\org\slf4j\slf4j-api\1.7.6\slf4j-api-1.7.6.jar;C:\Users\sy\.m2\repository\ch\qos\logback\logback-classic\1.1.1\logback-classic-1.1.1.jar;C:\Users\sy\.m2\repository\ch\qos\logback\logback-core\1.1.1\logback-core-1.1.1.jar;C:\Users\sy\.m2\repository\org\springframework\spring-test\5.3.10\spring-test-5.3.10.jar;C:\Users\sy\.m2\repository\org\junit\jupiter\junit-jupiter\5.9.3\junit-jupiter-5.9.3.jar;C:\Users\sy\.m2\repository\org\junit\jupiter\junit-jupiter-api\5.9.3\junit-jupiter-api-5.9.3.jar;C:\Users\sy\.m2\repository\org\opentest4j\opentest4j\1.2.0\opentest4j-1.2.0.jar;C:\Users\sy\.m2\repository\org\junit\platform\junit-platform-commons\1.9.3\junit-platform-commons-1.9.3.jar;C:\Users\sy\.m2\repository\org\apiguardian\apiguardian-api\1.1.2\apiguardian-api-1.1.2.jar;C:\Users\sy\.m2\repository\org\junit\jupiter\junit-jupiter-params\5.9.3\junit-jupiter-params-5.9.3.jar;C:\Users\sy\.m2\repository\org\junit\jupiter\junit-jupiter-engine\5.9.3\junit-jupiter-engine-5.9.3.jar;C:\Users\sy\.m2\repository\org\junit\platform\junit-platform-engine\1.9.3\junit-platform-engine-1.9.3.jar;"/>
    <property name="sun.cpu.endian" value="little"/>
    <property name="user.home" value="C:\Users\sy"/>
    <property name="user.language" value="ko"/>
    <property name="java.specification.vendor" value="Oracle Corporation"/>
    <property name="java.version.date" value="2023-07-18"/>
    <property name="java.home" value="C:\Program Files\Java\jdk-17"/>
    <property name="file.separator" value="\"/>
    <property name="basedir" value="D:\Dev\Workspace\SpringExampleCode\jpabook-master\ch11-jpa-shop"/>
    <property name="java.vm.compressedOopsMode" value="Zero based"/>
    <property name="line.separator" value="&#10;"/>
    <property name="java.vm.specification.vendor" value="Oracle Corporation"/>
    <property name="java.specification.name" value="Java Platform API Specification"/>
    <property name="surefire.real.class.path" value="C:\Users\sy\AppData\Local\Temp\surefire4646265906039090620\surefirebooter-20230920172702092_3.jar"/>
    <property name="user.script" value=""/>
    <property name="sun.management.compiler" value="HotSpot 64-Bit Tiered Compilers"/>
    <property name="java.runtime.version" value="17.0.8+9-LTS-211"/>
    <property name="user.name" value="sy"/>
    <property name="path.separator" value=";"/>
    <property name="os.version" value="10.0"/>
    <property name="java.runtime.name" value="Java(TM) SE Runtime Environment"/>
    <property name="file.encoding" value="MS949"/>
    <property name="java.vm.name" value="Java HotSpot(TM) 64-Bit Server VM"/>
    <property name="localRepository" value="C:\Users\sy\.m2\repository"/>
    <property name="java.vendor.url.bug" value="https://bugreport.java.com/bugreport/"/>
    <property name="java.io.tmpdir" value="C:\Users\sy\AppData\Local\Temp\"/>
    <property name="idea.version" value="2023.2.1"/>
    <property name="java.version" value="17.0.8"/>
    <property name="user.dir" value="D:\Dev\Workspace\SpringExampleCode\jpabook-master\ch11-jpa-shop"/>
    <property name="os.arch" value="amd64"/>
    <property name="java.vm.specification.name" value="Java Virtual Machine Specification"/>
    <property name="sun.os.patch.level" value=""/>
    <property name="native.encoding" value="MS949"/>
    <property name="java.library.path" value="C:\Program Files\Java\jdk-17\bin;C:\WINDOWS\Sun\Java\bin;C:\WINDOWS\system32;C:\WINDOWS;C:\Program Files\Common Files\Oracle\Java\javapath;C:\Program Files\MySQL\MySQL Server 8.0\bin;C:\WINDOWS\system32;C:\WINDOWS;C:\WINDOWS\System32\Wbem;C:\WINDOWS\System32\WindowsPowerShell\v1.0\;C:\WINDOWS\System32\OpenSSH\;C:\Program Files\Bandizip\;C:\Program Files\Git\cmd;C:\Program Files (x86)\NVIDIA Corporation\PhysX\Common;C:\Program Files\NVIDIA Corporation\NVIDIA NvDLISR;C:\Program Files\Microsoft SQL Server\150\Tools\Binn\;C:\Program Files\Microsoft SQL Server\Client SDK\ODBC\170\Tools\Binn\;C:\Program Files\dotnet\;C:\Program Files\nodejs\;C:\Program Files\MongoDB\Server\4.2\bin;C:\Program Files\MySQL\MySQL Shell 8.0\bin\;C:\Users\sy\AppData\Local\Microsoft\WindowsApps;C:\Program Files\Java\jdk-11\bin;C:\Users\sy\.dotnet\tools;C:\Users\sy\AppData\Local\Programs\Microsoft VS Code\bin;C:\Users\sy\AppData\Roaming\npm;C:\Program Files\JetBrains\IntelliJ IDEA 2023.2.1\bin;;."/>
    <property name="java.vm.info" value="mixed mode, sharing"/>
    <property name="java.vendor" value="Oracle Corporation"/>
    <property name="java.vm.version" value="17.0.8+9-LTS-211"/>
    <property name="sun.io.unicode.encoding" value="UnicodeLittle"/>
    <property name="java.class.version" value="61.0"/>
  </properties>
  <testcase name="중복_회원_예외" classname="jpabook.jpashop.service.MemberServiceTest" time="0.044">
    <system-out><![CDATA[17:27:02 [main] INFO  o.s.t.c.s.DefaultTestContextBootstrapper - Loaded default TestExecutionListener class names from location [META-INF/spring.factories]: [org.springframework.test.context.web.ServletTestExecutionListener, org.springframework.test.context.support.DirtiesContextBeforeModesTestExecutionListener, org.springframework.test.context.event.ApplicationEventsTestExecutionListener, org.springframework.test.context.support.DependencyInjectionTestExecutionListener, org.springframework.test.context.support.DirtiesContextTestExecutionListener, org.springframework.test.context.transaction.TransactionalTestExecutionListener, org.springframework.test.context.jdbc.SqlScriptsTestExecutionListener, org.springframework.test.context.event.EventPublishingTestExecutionListener]
17:27:02 [main] INFO  o.s.t.c.s.DefaultTestContextBootstrapper - Using TestExecutionListeners: [org.springframework.test.context.web.ServletTestExecutionListener@35399441, org.springframework.test.context.support.DirtiesContextBeforeModesTestExecutionListener@4b7dc788, org.springframework.test.context.event.ApplicationEventsTestExecutionListener@6304101a, org.springframework.test.context.support.DependencyInjectionTestExecutionListener@5170bcf4, org.springframework.test.context.support.DirtiesContextTestExecutionListener@2812b107, org.springframework.test.context.transaction.TransactionalTestExecutionListener@df6620a, org.springframework.test.context.jdbc.SqlScriptsTestExecutionListener@4e31276e, org.springframework.test.context.event.EventPublishingTestExecutionListener@1a72a540]
17:27:03 [main] INFO  o.h.jpa.internal.util.LogHelper - HHH000204: Processing PersistenceUnitInfo [name: default]
17:27:03 [main] INFO  org.hibernate.Version - HHH000412: Hibernate ORM core version 5.6.15.Final
17:27:03 [main] INFO  o.h.annotations.common.Version - HCANN000001: Hibernate Commons Annotations {5.1.2.Final}
17:27:03 [main] INFO  org.hibernate.dialect.Dialect - HHH000400: Using dialect: org.hibernate.dialect.H2Dialect
Hibernate: 
    
    drop table if exists Category CASCADE 
Hibernate: 
    
    drop table if exists CATEGORY_ITEM CASCADE 
Hibernate: 
    
    drop table if exists Delivery CASCADE 
Hibernate: 
    
    drop table if exists Item CASCADE 
Hibernate: 
    
    drop table if exists Member CASCADE 
Hibernate: 
    
    drop table if exists ORDER_ITEM CASCADE 
Hibernate: 
    
    drop table if exists ORDERS CASCADE 
Hibernate: 
    
    drop sequence if exists hibernate_sequence
Hibernate: create sequence hibernate_sequence start with 1 increment by 1
Hibernate: 
    
    create table Category (
       CATEGORY_ID bigint not null,
        name varchar(255),
        PARENT_ID bigint,
        primary key (CATEGORY_ID)
    )
Hibernate: 
    
    create table CATEGORY_ITEM (
       CATEGORY_ID bigint not null,
        ITEM_ID bigint not null
    )
Hibernate: 
    
    create table Delivery (
       DELIVERY_ID bigint not null,
        city varchar(255),
        street varchar(255),
        zipcode varchar(255),
        status varchar(255),
        primary key (DELIVERY_ID)
    )
Hibernate: 
    
    create table Item (
       DTYPE varchar(31) not null,
        ITEM_ID bigint not null,
        name varchar(255),
        price integer not null,
        stockQuantity integer not null,
        artist varchar(255),
        etc varchar(255),
        author varchar(255),
        isbn varchar(255),
        actor varchar(255),
        director varchar(255),
        primary key (ITEM_ID)
    )
Hibernate: 
    
    create table Member (
       MEMBER_ID bigint not null,
        city varchar(255),
        street varchar(255),
        zipcode varchar(255),
        name varchar(255),
        primary key (MEMBER_ID)
    )
Hibernate: 
    
    create table ORDER_ITEM (
       ORDER_ITEM_ID bigint not null,
        count integer not null,
        orderPrice integer not null,
        ITEM_ID bigint,
        ORDER_ID bigint,
        primary key (ORDER_ITEM_ID)
    )
Hibernate: 
    
    create table ORDERS (
       ORDER_ID bigint not null,
        orderDate timestamp,
        status varchar(255),
        DELIVERY_ID bigint,
        MEMBER_ID bigint,
        primary key (ORDER_ID)
    )
Hibernate: 
    
    alter table Category 
       add constraint FK8tepc1qkmluodspg6tnliwhit 
       foreign key (PARENT_ID) 
       references Category
Hibernate: 
    
    alter table CATEGORY_ITEM 
       add constraint FKf1uerpnmn49vl1spbbplgxaun 
       foreign key (ITEM_ID) 
       references Item
Hibernate: 
    
    alter table CATEGORY_ITEM 
       add constraint FKjip0or3vemixccl6vx0kluj03 
       foreign key (CATEGORY_ID) 
       references Category
Hibernate: 
    
    alter table ORDER_ITEM 
       add constraint FK8aehvvv5trvjkypeemokj8674 
       foreign key (ITEM_ID) 
       references Item
Hibernate: 
    
    alter table ORDER_ITEM 
       add constraint FKn3ojvpgwyoherqkqy7ls4q46w 
       foreign key (ORDER_ID) 
       references ORDERS
Hibernate: 
    
    alter table ORDERS 
       add constraint FKdbs21f1yi0coxy9y0kxw4g9jf 
       foreign key (DELIVERY_ID) 
       references Delivery
Hibernate: 
    
    alter table ORDERS 
       add constraint FKh0db7kqr88ed8hqtcqw3jkcia 
       foreign key (MEMBER_ID) 
       references Member
17:27:04 [main] INFO  o.h.e.t.j.p.i.JtaPlatformInitiator - HHH000490: Using JtaPlatform implementation: [org.hibernate.engine.transaction.jta.platform.internal.NoJtaPlatform]
17:27:04 [main] INFO  o.s.o.j.LocalContainerEntityManagerFactoryBean - Initialized JPA EntityManagerFactory for persistence unit 'default'
Hibernate: 
    /* select
        m 
    from
        Member m 
    where
        m.name = :name */ select
            member0_.MEMBER_ID as member_i1_4_,
            member0_.city as city2_4_,
            member0_.street as street3_4_,
            member0_.zipcode as zipcode4_4_,
            member0_.name as name5_4_ 
        from
            Member member0_ 
        where
            member0_.name=?
Hibernate: 
    call next value for hibernate_sequence
Hibernate: 
    /* insert jpabook.jpashop.domain.Member
        */ insert 
        into
            Member
            (city, street, zipcode, name, MEMBER_ID) 
        values
            (?, ?, ?, ?, ?)
Hibernate: 
    call next value for hibernate_sequence
Hibernate: 
    /* insert jpabook.jpashop.domain.item.Book
        */ insert 
        into
            Item
            (name, price, stockQuantity, author, isbn, DTYPE, ITEM_ID) 
        values
            (?, ?, ?, ?, ?, 'B', ?)
Hibernate: 
    call next value for hibernate_sequence
Hibernate: 
    /* insert jpabook.jpashop.domain.item.Book
        */ insert 
        into
            Item
            (name, price, stockQuantity, author, isbn, DTYPE, ITEM_ID) 
        values
            (?, ?, ?, ?, ?, 'B', ?)
Hibernate: 
    select
        member0_.MEMBER_ID as member_i1_4_0_,
        member0_.city as city2_4_0_,
        member0_.street as street3_4_0_,
        member0_.zipcode as zipcode4_4_0_,
        member0_.name as name5_4_0_ 
    from
        Member member0_ 
    where
        member0_.MEMBER_ID=?
Hibernate: 
    select
        item0_.ITEM_ID as item_id2_3_0_,
        item0_.name as name3_3_0_,
        item0_.price as price4_3_0_,
        item0_.stockQuantity as stockqua5_3_0_,
        item0_.artist as artist6_3_0_,
        item0_.etc as etc7_3_0_,
        item0_.author as author8_3_0_,
        item0_.isbn as isbn9_3_0_,
        item0_.actor as actor10_3_0_,
        item0_.director as directo11_3_0_,
        item0_.DTYPE as dtype1_3_0_ 
    from
        Item item0_ 
    where
        item0_.ITEM_ID=?
Hibernate: 
    call next value for hibernate_sequence
Hibernate: 
    call next value for hibernate_sequence
Hibernate: 
    call next value for hibernate_sequence
Hibernate: 
    /* insert jpabook.jpashop.domain.Delivery
        */ insert 
        into
            Delivery
            (city, street, zipcode, status, DELIVERY_ID) 
        values
            (?, ?, ?, ?, ?)
Hibernate: 
    /* insert jpabook.jpashop.domain.Order
        */ insert 
        into
            ORDERS
            (DELIVERY_ID, MEMBER_ID, orderDate, status, ORDER_ID) 
        values
            (?, ?, ?, ?, ?)
Hibernate: 
    /* insert jpabook.jpashop.domain.OrderItem
        */ insert 
        into
            ORDER_ITEM
            (count, ITEM_ID, ORDER_ID, orderPrice, ORDER_ITEM_ID) 
        values
            (?, ?, ?, ?, ?)
Hibernate: 
    /* update
        jpabook.jpashop.domain.item.Book */ update
            Item 
        set
            name=?,
            price=?,
            stockQuantity=?,
            author=?,
            isbn=? 
        where
            ITEM_ID=?
17:27:04 [main] INFO  o.s.t.c.t.TransactionContext - Began transaction (1) for test context [DefaultTestContext@8549c5f testClass = MemberServiceTest, testInstance = jpabook.jpashop.service.MemberServiceTest@35454c7a, testMethod = 중복_회원_예외@MemberServiceTest, testException = [null], mergedContextConfiguration = [MergedContextConfiguration@50f3ba6a testClass = MemberServiceTest, locations = '{classpath:appConfig.xml}', classes = '{}', contextInitializerClasses = '[]', activeProfiles = '{}', propertySourceLocations = '{}', propertySourceProperties = '{}', contextCustomizers = set[[empty]], contextLoader = 'org.springframework.test.context.support.DelegatingSmartContextLoader', parent = [null]], attributes = map['org.springframework.test.context.event.ApplicationEventsTestExecutionListener.recordApplicationEvents' -> false]]; transaction manager [org.springframework.orm.jpa.JpaTransactionManager@30d15e4a]; rollback [true]
Hibernate: 
    /* select
        m 
    from
        Member m 
    where
        m.name = :name */ select
            member0_.MEMBER_ID as member_i1_4_,
            member0_.city as city2_4_,
            member0_.street as street3_4_,
            member0_.zipcode as zipcode4_4_,
            member0_.name as name5_4_ 
        from
            Member member0_ 
        where
            member0_.name=?
Hibernate: 
    call next value for hibernate_sequence
Hibernate: 
    /* insert jpabook.jpashop.domain.Member
        */ insert 
        into
            Member
            (city, street, zipcode, name, MEMBER_ID) 
        values
            (?, ?, ?, ?, ?)
Hibernate: 
    /* select
        m 
    from
        Member m 
    where
        m.name = :name */ select
            member0_.MEMBER_ID as member_i1_4_,
            member0_.city as city2_4_,
            member0_.street as street3_4_,
            member0_.zipcode as zipcode4_4_,
            member0_.name as name5_4_ 
        from
            Member member0_ 
        where
            member0_.name=?
17:27:04 [main] INFO  o.s.t.c.t.TransactionContext - Rolled back transaction for test: [DefaultTestContext@8549c5f testClass = MemberServiceTest, testInstance = jpabook.jpashop.service.MemberServiceTest@35454c7a, testMethod = 중복_회원_예외@MemberServiceTest, testException = [null], mergedContextConfiguration = [MergedContextConfiguration@50f3ba6a testClass = MemberServiceTest, locations = '{classpath:appConfig.xml}', classes = '{}', contextInitializerClasses = '[]', activeProfiles = '{}', propertySourceLocations = '{}', propertySourceProperties = '{}', contextCustomizers = set[[empty]], contextLoader = 'org.springframework.test.context.support.DelegatingSmartContextLoader', parent = [null]], attributes = map['org.springframework.test.context.event.ApplicationEventsTestExecutionListener.recordApplicationEvents' -> false]]
]]></system-out>
  </testcase>
  <testcase name="회원가입" classname="jpabook.jpashop.service.MemberServiceTest" time="0.007">
    <system-out><![CDATA[17:27:04 [main] INFO  o.s.t.c.t.TransactionContext - Began transaction (1) for test context [DefaultTestContext@8549c5f testClass = MemberServiceTest, testInstance = jpabook.jpashop.service.MemberServiceTest@78f5cbc5, testMethod = 회원가입@MemberServiceTest, testException = [null], mergedContextConfiguration = [MergedContextConfiguration@50f3ba6a testClass = MemberServiceTest, locations = '{classpath:appConfig.xml}', classes = '{}', contextInitializerClasses = '[]', activeProfiles = '{}', propertySourceLocations = '{}', propertySourceProperties = '{}', contextCustomizers = set[[empty]], contextLoader = 'org.springframework.test.context.support.DelegatingSmartContextLoader', parent = [null]], attributes = map['org.springframework.test.context.event.ApplicationEventsTestExecutionListener.recordApplicationEvents' -> false]]; transaction manager [org.springframework.orm.jpa.JpaTransactionManager@30d15e4a]; rollback [true]
Hibernate: 
    /* select
        m 
    from
        Member m 
    where
        m.name = :name */ select
            member0_.MEMBER_ID as member_i1_4_,
            member0_.city as city2_4_,
            member0_.street as street3_4_,
            member0_.zipcode as zipcode4_4_,
            member0_.name as name5_4_ 
        from
            Member member0_ 
        where
            member0_.name=?
Hibernate: 
    call next value for hibernate_sequence
17:27:04 [main] INFO  o.s.t.c.t.TransactionContext - Rolled back transaction for test: [DefaultTestContext@8549c5f testClass = MemberServiceTest, testInstance = jpabook.jpashop.service.MemberServiceTest@78f5cbc5, testMethod = 회원가입@MemberServiceTest, testException = [null], mergedContextConfiguration = [MergedContextConfiguration@50f3ba6a testClass = MemberServiceTest, locations = '{classpath:appConfig.xml}', classes = '{}', contextInitializerClasses = '[]', activeProfiles = '{}', propertySourceLocations = '{}', propertySourceProperties = '{}', contextCustomizers = set[[empty]], contextLoader = 'org.springframework.test.context.support.DelegatingSmartContextLoader', parent = [null]], attributes = map['org.springframework.test.context.event.ApplicationEventsTestExecutionListener.recordApplicationEvents' -> false]]
]]></system-out>
  </testcase>
</testsuite>